<?xml version="1.0" encoding="UTF-8"?>
<testng-results ignored="0" total="1" passed="1" failed="0" skipped="0">
  <reporter-output>
  </reporter-output>
  <suite started-at="2022-09-09T18:40:46Z" name="Surefire suite" finished-at="2022-09-09T18:40:46Z" duration-ms="34">
    <groups>
    </groups>
    <test started-at="2022-09-09T18:40:46Z" name="Surefire test" finished-at="2022-09-09T18:40:46Z" duration-ms="34">
      <class name="Proyecto.TestNGExample">
        <test-method is-config="true" signature="beforeMethod()[pri:0, instance:Proyecto.TestNGExample@dbd940d]" started-at="2022-09-09T15:40:46Z" name="beforeMethod" finished-at="2022-09-09T15:40:46Z" duration-ms="8" status="PASS">
          <reporter-output>
          </reporter-output>
        </test-method> <!-- beforeMethod -->
        <test-method signature="f()[pri:0, instance:Proyecto.TestNGExample@dbd940d]" started-at="2022-09-09T15:40:46Z" name="f" finished-at="2022-09-09T15:40:46Z" duration-ms="1" status="PASS">
          <reporter-output>
          </reporter-output>
        </test-method> <!-- f -->
        <test-method is-config="true" signature="afterMethod()[pri:0, instance:Proyecto.TestNGExample@dbd940d]" started-at="2022-09-09T15:40:46Z" name="afterMethod" finished-at="2022-09-09T15:40:46Z" duration-ms="0" status="PASS">
          <reporter-output>
          </reporter-output>
        </test-method> <!-- afterMethod -->
      </class> <!-- Proyecto.TestNGExample -->
    </test> <!-- Surefire test -->
  </suite> <!-- Surefire suite -->
</testng-results>
